[Message:   BepInEx] BepInEx 5.4.21.0 - rwby (1/6/2023 10:38:04 PM)
[Info   :   BepInEx] Running under Unity v2022.2.1.5237461
[Info   :   BepInEx] CLR runtime version: 4.0.30319.42000
[Info   :   BepInEx] Supports SRE: True
[Info   :   BepInEx] System platform: Bits64, Windows
[Message:   BepInEx] Preloader started
[Info   :   BepInEx] Loaded 1 patcher method from [BepInEx.Preloader 5.4.21.0]
[Warning:   BepInEx] Shimming C:\Projects\Unity\rwby\Builds\.0\Release\PC\Windows x64\None\BepInEx\patchers\BepInEx.MultiFolderLoader.dll to use older version of Harmony (0Harmony20). Please update the plugin if possible.
[Info   :   BepInEx] Loaded 1 patcher method from [BepInEx.MultiFolderLoader 1.3.1.0]
[Info   :   BepInEx] 2 patcher plugins loaded
[Info   :MultiFolderLoader] [multifolderloader].enabledModsListPath found in doorstop_config.ini, enabling enabled mods list
[Info   :MultiFolderLoader] Loading preloader patchers from mod
[Info   :MultiFolderLoader] Loading 0 preloader patchers from mods...
[Info   :   BepInEx] Patching [UnityEngine.CoreModule] with [BepInEx.Chainloader]
[Message:   BepInEx] Preloader finished
[Message:   BepInEx] Chainloader ready
[Message:   BepInEx] Chainloader started
[Info   :MultiFolderLoader] Finding plugins from mods...
[Info   :   BepInEx] 1 plugins to load
[Info   :   BepInEx] Loading [MyFirstPlugin 1.0.0]
[Info   :MyFirstPlugin] Plugin MyFirstPlugin is loaded!
[Message:   BepInEx] Chainloader startup complete
